desc: --massif-out-file=massif.out
cmd: ./openssl.sh
time_unit: i
#-----------
snapshot=0
#-----------
time=0
mem_heap_B=0
mem_heap_extra_B=0
mem_stacks_B=0
heap_tree=empty
#-----------
snapshot=1
#-----------
time=513907
mem_heap_B=29
mem_heap_extra_B=11
mem_stacks_B=0
heap_tree=empty
#-----------
snapshot=2
#-----------
time=536854
mem_heap_B=1308
mem_heap_extra_B=52
mem_stacks_B=0
heap_tree=detailed
n3: 1308 (heap allocation functions) malloc/new/new[], --alloc-fns, etc.
 n1: 1264 0x48D41AC: qsort_r (msort.c:221)
  n1: 1264 0x13A13D: ??? (in /usr/bin/bash)
   n0: 1264 0x1387E7: main (in /usr/bin/bash)
 n1: 29 0x48C9A46: set_binding_values.part.0 (bindtextdom.c:203)
  n1: 29 0x48C9D0B: set_binding_values (bindtextdom.c:322)
   n1: 29 0x48C9D0B: bindtextdomain (bindtextdom.c:320)
    n1: 29 0x19C9D9: set_default_locale (in /usr/bin/bash)
     n0: 29 0x137F44: main (in /usr/bin/bash)
 n0: 15 in 2 places, all below massif's threshold (1.00%)
#-----------
snapshot=3
#-----------
time=560188
mem_heap_B=16955
mem_heap_extra_B=325
mem_stacks_B=0
heap_tree=empty
#-----------
snapshot=4
#-----------
time=598437
mem_heap_B=20802
mem_heap_extra_B=2430
mem_stacks_B=0
heap_tree=empty
#-----------
snapshot=5
#-----------
time=630623
mem_heap_B=27962
mem_heap_extra_B=4190
mem_stacks_B=0
heap_tree=empty
#-----------
snapshot=6
#-----------
time=660695
mem_heap_B=31171
mem_heap_extra_B=5989
mem_stacks_B=0
heap_tree=empty
#-----------
snapshot=7
#-----------
time=686427
mem_heap_B=41725
mem_heap_extra_B=6931
mem_stacks_B=0
heap_tree=empty
#-----------
snapshot=8
#-----------
time=703313
mem_heap_B=50519
mem_heap_extra_B=7129
mem_stacks_B=0
heap_tree=empty
#-----------
snapshot=9
#-----------
time=741718
mem_heap_B=52153
mem_heap_extra_B=7199
mem_stacks_B=0
heap_tree=detailed
n3: 52153 (heap allocation functions) malloc/new/new[], --alloc-fns, etc.
 n9: 51335 0x1A35FD: xmalloc (in /usr/bin/bash)
  n5: 32768 0x1837FB: hash_create (in /usr/bin/bash)
   n1: 8192 0x157C93: ??? (in /usr/bin/bash)
    n1: 8192 0x15D797: initialize_shell_variables (in /usr/bin/bash)
     n1: 8192 0x13A1A8: ??? (in /usr/bin/bash)
      n0: 8192 0x1387E7: main (in /usr/bin/bash)
   n1: 8192 0x15E4E2: initialize_shell_variables (in /usr/bin/bash)
    n1: 8192 0x13A1A8: ??? (in /usr/bin/bash)
     n0: 8192 0x1387E7: main (in /usr/bin/bash)
   n1: 8192 0x15E532: initialize_shell_variables (in /usr/bin/bash)
    n1: 8192 0x13A1A8: ??? (in /usr/bin/bash)
     n0: 8192 0x1387E7: main (in /usr/bin/bash)
   n1: 4096 0x157C41: ??? (in /usr/bin/bash)
    n1: 4096 0x15D797: initialize_shell_variables (in /usr/bin/bash)
     n1: 4096 0x13A1A8: ??? (in /usr/bin/bash)
      n0: 4096 0x1387E7: main (in /usr/bin/bash)
   n1: 4096 0x157CB1: ??? (in /usr/bin/bash)
    n1: 4096 0x15D797: initialize_shell_variables (in /usr/bin/bash)
     n1: 4096 0x13A1A8: ??? (in /usr/bin/bash)
      n0: 4096 0x1387E7: main (in /usr/bin/bash)
  n1: 4656 0x156822: ??? (in /usr/bin/bash)
   n2: 4656 0x157CCE: ??? (in /usr/bin/bash)
    n2: 4176 0x159DDC: ??? (in /usr/bin/bash)
     n1: 2832 0x15DA3C: initialize_shell_variables (in /usr/bin/bash)
      n1: 2832 0x13A1A8: ??? (in /usr/bin/bash)
       n0: 2832 0x1387E7: main (in /usr/bin/bash)
     n0: 1344 in 28 places, all below massif's threshold (1.00%)
    n0: 480 in 10 places, all below massif's threshold (1.00%)
  n1: 3521 0x15DA8F: initialize_shell_variables (in /usr/bin/bash)
   n1: 3521 0x13A1A8: ??? (in /usr/bin/bash)
    n0: 3521 0x1387E7: main (in /usr/bin/bash)
  n1: 3104 0x183DBB: hash_insert (in /usr/bin/bash)
   n2: 3104 0x157D07: ??? (in /usr/bin/bash)
    n2: 2784 0x159DDC: ??? (in /usr/bin/bash)
     n1: 1888 0x15DA3C: initialize_shell_variables (in /usr/bin/bash)
      n1: 1888 0x13A1A8: ??? (in /usr/bin/bash)
       n0: 1888 0x1387E7: main (in /usr/bin/bash)
     n0: 896 in 28 places, all below massif's threshold (1.00%)
    n0: 320 in 10 places, all below massif's threshold (1.00%)
  n2: 3082 0x159A3C: make_variable_value (in /usr/bin/bash)
   n2: 3080 0x159DEC: ??? (in /usr/bin/bash)
    n1: 2675 0x15DA3C: initialize_shell_variables (in /usr/bin/bash)
     n1: 2675 0x13A1A8: ??? (in /usr/bin/bash)
      n0: 2675 0x1387E7: main (in /usr/bin/bash)
    n0: 405 in 16 places, all below massif's threshold (1.00%)
   n0: 2 in 1 place, below massif's threshold (1.00%)
  n1: 1211 0x156836: ??? (in /usr/bin/bash)
   n2: 1211 0x157CCE: ??? (in /usr/bin/bash)
    n2: 1105 0x159DDC: ??? (in /usr/bin/bash)
     n1: 851 0x15DA3C: initialize_shell_variables (in /usr/bin/bash)
      n1: 851 0x13A1A8: ??? (in /usr/bin/bash)
       n0: 851 0x1387E7: main (in /usr/bin/bash)
     n0: 254 in 28 places, all below massif's threshold (1.00%)
    n0: 106 in 10 places, all below massif's threshold (1.00%)
  n2: 1211 0x157CEC: ??? (in /usr/bin/bash)
   n2: 1105 0x159DDC: ??? (in /usr/bin/bash)
    n1: 851 0x15DA3C: initialize_shell_variables (in /usr/bin/bash)
     n1: 851 0x13A1A8: ??? (in /usr/bin/bash)
      n0: 851 0x1387E7: main (in /usr/bin/bash)
    n0: 254 in 28 places, all below massif's threshold (1.00%)
   n0: 106 in 10 places, all below massif's threshold (1.00%)
  n0: 998 in 20 places, all below massif's threshold (1.00%)
  n1: 784 0x15B7F8: map_over (in /usr/bin/bash)
   n1: 784 0x15BA8E: ??? (in /usr/bin/bash)
    n1: 784 0x19CDD4: ??? (in /usr/bin/bash)
     n1: 784 0x19D160: set_locale_var (in /usr/bin/bash)
      n1: 784 0x19D321: set_default_lang (in /usr/bin/bash)
       n0: 784 0x1387EC: main (in /usr/bin/bash)
 n1: 784 0x1A366F: xrealloc (in /usr/bin/bash)
  n1: 784 0x15BAAA: ??? (in /usr/bin/bash)
   n1: 784 0x19CDD4: ??? (in /usr/bin/bash)
    n1: 784 0x19D160: set_locale_var (in /usr/bin/bash)
     n1: 784 0x19D321: set_default_lang (in /usr/bin/bash)
      n0: 784 0x1387EC: main (in /usr/bin/bash)
 n0: 34 in 3 places, all below massif's threshold (1.00%)
#-----------
snapshot=10
#-----------
time=769989
mem_heap_B=54902
mem_heap_extra_B=8122
mem_stacks_B=0
heap_tree=empty
#-----------
snapshot=11
#-----------
time=795000
mem_heap_B=63983
mem_heap_extra_B=8369
mem_stacks_B=0
heap_tree=empty
#-----------
snapshot=12
#-----------
time=822481
mem_heap_B=65076
mem_heap_extra_B=8700
mem_stacks_B=0
heap_tree=empty
#-----------
snapshot=13
#-----------
time=838596
mem_heap_B=65077
mem_heap_extra_B=8739
mem_stacks_B=0
heap_tree=empty
#-----------
snapshot=14
#-----------
time=865144
mem_heap_B=67973
mem_heap_extra_B=9347
mem_stacks_B=0
heap_tree=detailed
n3: 67973 (heap allocation functions) malloc/new/new[], --alloc-fns, etc.
 n13: 64107 0x1A35FD: xmalloc (in /usr/bin/bash)
  n6: 34816 0x1837FB: hash_create (in /usr/bin/bash)
   n1: 8192 0x157C93: ??? (in /usr/bin/bash)
    n1: 8192 0x15D797: initialize_shell_variables (in /usr/bin/bash)
     n1: 8192 0x13A1A8: ??? (in /usr/bin/bash)
      n0: 8192 0x1387E7: main (in /usr/bin/bash)
   n1: 8192 0x15E4E2: initialize_shell_variables (in /usr/bin/bash)
    n1: 8192 0x13A1A8: ??? (in /usr/bin/bash)
     n0: 8192 0x1387E7: main (in /usr/bin/bash)
   n1: 8192 0x15E532: initialize_shell_variables (in /usr/bin/bash)
    n1: 8192 0x13A1A8: ??? (in /usr/bin/bash)
     n0: 8192 0x1387E7: main (in /usr/bin/bash)
   n1: 4096 0x157C41: ??? (in /usr/bin/bash)
    n1: 4096 0x15D797: initialize_shell_variables (in /usr/bin/bash)
     n1: 4096 0x13A1A8: ??? (in /usr/bin/bash)
      n0: 4096 0x1387E7: main (in /usr/bin/bash)
   n1: 4096 0x157CB1: ??? (in /usr/bin/bash)
    n1: 4096 0x15D797: initialize_shell_variables (in /usr/bin/bash)
     n1: 4096 0x13A1A8: ??? (in /usr/bin/bash)
      n0: 4096 0x1387E7: main (in /usr/bin/bash)
   n1: 2048 0x1835A9: phash_insert (in /usr/bin/bash)
    n1: 2048 0x19E0E5: search_for_command (in /usr/bin/bash)
     n1: 2048 0x14F97E: ??? (in /usr/bin/bash)
      n1: 2048 0x153435: execute_command_internal (in /usr/bin/bash)
       n1: 2048 0x153CE4: execute_command (in /usr/bin/bash)
        n1: 2048 0x13A9BC: reader_loop (in /usr/bin/bash)
         n0: 2048 0x139206: main (in /usr/bin/bash)
  n1: 4752 0x156822: ??? (in /usr/bin/bash)
   n2: 4752 0x157CCE: ??? (in /usr/bin/bash)
    n2: 4224 0x159DDC: ??? (in /usr/bin/bash)
     n1: 2832 0x15DA3C: initialize_shell_variables (in /usr/bin/bash)
      n1: 2832 0x13A1A8: ??? (in /usr/bin/bash)
       n0: 2832 0x1387E7: main (in /usr/bin/bash)
     n0: 1392 in 29 places, all below massif's threshold (1.00%)
    n0: 528 in 11 places, all below massif's threshold (1.00%)
  n1: 3521 0x157050: ??? (in /usr/bin/bash)
   n1: 3521 0x15BA27: ??? (in /usr/bin/bash)
    n1: 3521 0x19CDD4: ??? (in /usr/bin/bash)
     n1: 3521 0x19D160: set_locale_var (in /usr/bin/bash)
      n1: 3521 0x19D321: set_default_lang (in /usr/bin/bash)
       n0: 3521 0x1387EC: main (in /usr/bin/bash)
  n1: 3501 0x15DA8F: initialize_shell_variables (in /usr/bin/bash)
   n1: 3501 0x13A1A8: ??? (in /usr/bin/bash)
    n0: 3501 0x1387E7: main (in /usr/bin/bash)
  n2: 3200 0x183DBB: hash_insert (in /usr/bin/bash)
   n2: 3168 0x157D07: ??? (in /usr/bin/bash)
    n2: 2816 0x159DDC: ??? (in /usr/bin/bash)
     n1: 1888 0x15DA3C: initialize_shell_variables (in /usr/bin/bash)
      n1: 1888 0x13A1A8: ??? (in /usr/bin/bash)
       n0: 1888 0x1387E7: main (in /usr/bin/bash)
     n0: 928 in 29 places, all below massif's threshold (1.00%)
    n0: 352 in 11 places, all below massif's threshold (1.00%)
   n0: 32 in 1 place, below massif's threshold (1.00%)
  n2: 3085 0x159A3C: make_variable_value (in /usr/bin/bash)
   n2: 3083 0x159DEC: ??? (in /usr/bin/bash)
    n1: 2657 0x15DA3C: initialize_shell_variables (in /usr/bin/bash)
     n1: 2657 0x13A1A8: ??? (in /usr/bin/bash)
      n0: 2657 0x1387E7: main (in /usr/bin/bash)
    n0: 426 in 17 places, all below massif's threshold (1.00%)
   n0: 2 in 1 place, below massif's threshold (1.00%)
  n0: 3055 in 65 places, all below massif's threshold (1.00%)
  n1: 2639 0x1871CF: fd_to_buffered_stream (in /usr/bin/bash)
   n1: 2639 0x18787F: with_input_from_buffered_stream (in /usr/bin/bash)
    n0: 2639 0x139156: main (in /usr/bin/bash)
  n1: 1233 0x156836: ??? (in /usr/bin/bash)
   n2: 1233 0x157CCE: ??? (in /usr/bin/bash)
    n2: 1116 0x159DDC: ??? (in /usr/bin/bash)
     n1: 851 0x15DA3C: initialize_shell_variables (in /usr/bin/bash)
      n1: 851 0x13A1A8: ??? (in /usr/bin/bash)
       n0: 851 0x1387E7: main (in /usr/bin/bash)
     n0: 265 in 29 places, all below massif's threshold (1.00%)
    n0: 117 in 11 places, all below massif's threshold (1.00%)
  n2: 1233 0x157CEC: ??? (in /usr/bin/bash)
   n2: 1116 0x159DDC: ??? (in /usr/bin/bash)
    n1: 851 0x15DA3C: initialize_shell_variables (in /usr/bin/bash)
     n1: 851 0x13A1A8: ??? (in /usr/bin/bash)
      n0: 851 0x1387E7: main (in /usr/bin/bash)
    n0: 265 in 29 places, all below massif's threshold (1.00%)
   n0: 117 in 11 places, all below massif's threshold (1.00%)
  n1: 1024 0x1485FA: cmd_init (in /usr/bin/bash)
   n0: 1024 0x138A22: main (in /usr/bin/bash)
  n1: 1024 0x148619: cmd_init (in /usr/bin/bash)
   n0: 1024 0x138A22: main (in /usr/bin/bash)
  n1: 1024 0x187ADD: uwp_init (in /usr/bin/bash)
   n0: 1024 0x138A27: main (in /usr/bin/bash)
 n3: 3762 0x1A366F: xrealloc (in /usr/bin/bash)
  n1: 2200 0x186D37: ??? (in /usr/bin/bash)
   n1: 2200 0x187250: fd_to_buffered_stream (in /usr/bin/bash)
    n1: 2200 0x18787F: with_input_from_buffered_stream (in /usr/bin/bash)
     n0: 2200 0x139156: main (in /usr/bin/bash)
  n1: 784 0x15BAAA: ??? (in /usr/bin/bash)
   n1: 784 0x19CDD4: ??? (in /usr/bin/bash)
    n1: 784 0x19D160: set_locale_var (in /usr/bin/bash)
     n1: 784 0x19D321: set_default_lang (in /usr/bin/bash)
      n0: 784 0x1387EC: main (in /usr/bin/bash)
  n0: 778 in 6 places, all below massif's threshold (1.00%)
 n0: 104 in 4 places, all below massif's threshold (1.00%)
#-----------
snapshot=15
#-----------
time=903913
mem_heap_B=65260
mem_heap_extra_B=8444
mem_stacks_B=0
heap_tree=empty
#-----------
snapshot=16
#-----------
time=925506
mem_heap_B=67965
mem_heap_extra_B=9307
mem_stacks_B=0
heap_tree=empty
#-----------
snapshot=17
#-----------
time=952363
mem_heap_B=69340
mem_heap_extra_B=9380
mem_stacks_B=0
heap_tree=empty
#-----------
snapshot=18
#-----------
time=992142
mem_heap_B=70221
mem_heap_extra_B=9651
mem_stacks_B=0
heap_tree=detailed
n5: 70221 (heap allocation functions) malloc/new/new[], --alloc-fns, etc.
 n13: 65286 0x1A35FD: xmalloc (in /usr/bin/bash)
  n6: 34816 0x1837FB: hash_create (in /usr/bin/bash)
   n1: 8192 0x157C93: ??? (in /usr/bin/bash)
    n1: 8192 0x15D797: initialize_shell_variables (in /usr/bin/bash)
     n1: 8192 0x13A1A8: ??? (in /usr/bin/bash)
      n0: 8192 0x1387E7: main (in /usr/bin/bash)
   n1: 8192 0x15E4E2: initialize_shell_variables (in /usr/bin/bash)
    n1: 8192 0x13A1A8: ??? (in /usr/bin/bash)
     n0: 8192 0x1387E7: main (in /usr/bin/bash)
   n1: 8192 0x15E532: initialize_shell_variables (in /usr/bin/bash)
    n1: 8192 0x13A1A8: ??? (in /usr/bin/bash)
     n0: 8192 0x1387E7: main (in /usr/bin/bash)
   n1: 4096 0x157C41: ??? (in /usr/bin/bash)
    n1: 4096 0x15D797: initialize_shell_variables (in /usr/bin/bash)
     n1: 4096 0x13A1A8: ??? (in /usr/bin/bash)
      n0: 4096 0x1387E7: main (in /usr/bin/bash)
   n1: 4096 0x157CB1: ??? (in /usr/bin/bash)
    n1: 4096 0x15D797: initialize_shell_variables (in /usr/bin/bash)
     n1: 4096 0x13A1A8: ??? (in /usr/bin/bash)
      n0: 4096 0x1387E7: main (in /usr/bin/bash)
   n1: 2048 0x1835A9: phash_insert (in /usr/bin/bash)
    n1: 2048 0x19E0E5: search_for_command (in /usr/bin/bash)
     n1: 2048 0x14F97E: ??? (in /usr/bin/bash)
      n1: 2048 0x153435: execute_command_internal (in /usr/bin/bash)
       n1: 2048 0x153CE4: execute_command (in /usr/bin/bash)
        n1: 2048 0x13A9BC: reader_loop (in /usr/bin/bash)
         n0: 2048 0x139206: main (in /usr/bin/bash)
  n1: 4848 0x156822: ??? (in /usr/bin/bash)
   n2: 4848 0x157CCE: ??? (in /usr/bin/bash)
    n2: 4320 0x159DDC: ??? (in /usr/bin/bash)
     n1: 2832 0x15DA3C: initialize_shell_variables (in /usr/bin/bash)
      n1: 2832 0x13A1A8: ??? (in /usr/bin/bash)
       n0: 2832 0x1387E7: main (in /usr/bin/bash)
     n0: 1488 in 31 places, all below massif's threshold (1.00%)
    n0: 528 in 11 places, all below massif's threshold (1.00%)
  n0: 3996 in 74 places, all below massif's threshold (1.00%)
  n1: 3509 0x157050: ??? (in /usr/bin/bash)
   n2: 3509 0x15BA27: ??? (in /usr/bin/bash)
    n1: 3509 0x14F9C7: ??? (in /usr/bin/bash)
     n1: 3509 0x153435: execute_command_internal (in /usr/bin/bash)
      n1: 3509 0x153CE4: execute_command (in /usr/bin/bash)
       n1: 3509 0x13A9BC: reader_loop (in /usr/bin/bash)
        n0: 3509 0x139206: main (in /usr/bin/bash)
    n0: 0 in 1 place, below massif's threshold (1.00%)
  n1: 3501 0x15DA8F: initialize_shell_variables (in /usr/bin/bash)
   n1: 3501 0x13A1A8: ??? (in /usr/bin/bash)
    n0: 3501 0x1387E7: main (in /usr/bin/bash)
  n2: 3264 0x183DBB: hash_insert (in /usr/bin/bash)
   n2: 3232 0x157D07: ??? (in /usr/bin/bash)
    n2: 2880 0x159DDC: ??? (in /usr/bin/bash)
     n1: 1888 0x15DA3C: initialize_shell_variables (in /usr/bin/bash)
      n1: 1888 0x13A1A8: ??? (in /usr/bin/bash)
       n0: 1888 0x1387E7: main (in /usr/bin/bash)
     n0: 992 in 31 places, all below massif's threshold (1.00%)
    n0: 352 in 11 places, all below massif's threshold (1.00%)
   n0: 32 in 1 place, below massif's threshold (1.00%)
  n2: 3147 0x159A3C: make_variable_value (in /usr/bin/bash)
   n2: 3089 0x159DEC: ??? (in /usr/bin/bash)
    n1: 2657 0x15DA3C: initialize_shell_variables (in /usr/bin/bash)
     n1: 2657 0x13A1A8: ??? (in /usr/bin/bash)
      n0: 2657 0x1387E7: main (in /usr/bin/bash)
    n0: 432 in 19 places, all below massif's threshold (1.00%)
   n0: 58 in 1 place, below massif's threshold (1.00%)
  n1: 2639 0x1871CF: fd_to_buffered_stream (in /usr/bin/bash)
   n1: 2639 0x18787F: with_input_from_buffered_stream (in /usr/bin/bash)
    n0: 2639 0x139156: main (in /usr/bin/bash)
  n1: 1247 0x156836: ??? (in /usr/bin/bash)
   n2: 1247 0x157CCE: ??? (in /usr/bin/bash)
    n2: 1130 0x159DDC: ??? (in /usr/bin/bash)
     n1: 851 0x15DA3C: initialize_shell_variables (in /usr/bin/bash)
      n1: 851 0x13A1A8: ??? (in /usr/bin/bash)
       n0: 851 0x1387E7: main (in /usr/bin/bash)
     n0: 279 in 31 places, all below massif's threshold (1.00%)
    n0: 117 in 11 places, all below massif's threshold (1.00%)
  n2: 1247 0x157CEC: ??? (in /usr/bin/bash)
   n2: 1130 0x159DDC: ??? (in /usr/bin/bash)
    n1: 851 0x15DA3C: initialize_shell_variables (in /usr/bin/bash)
     n1: 851 0x13A1A8: ??? (in /usr/bin/bash)
      n0: 851 0x1387E7: main (in /usr/bin/bash)
    n0: 279 in 31 places, all below massif's threshold (1.00%)
   n0: 117 in 11 places, all below massif's threshold (1.00%)
  n1: 1024 0x1485FA: cmd_init (in /usr/bin/bash)
   n0: 1024 0x138A22: main (in /usr/bin/bash)
  n1: 1024 0x148619: cmd_init (in /usr/bin/bash)
   n0: 1024 0x138A22: main (in /usr/bin/bash)
  n1: 1024 0x187ADD: uwp_init (in /usr/bin/bash)
   n0: 1024 0x138A27: main (in /usr/bin/bash)
 n2: 2986 0x1A366F: xrealloc (in /usr/bin/bash)
  n1: 2200 0x186D37: ??? (in /usr/bin/bash)
   n1: 2200 0x187250: fd_to_buffered_stream (in /usr/bin/bash)
    n1: 2200 0x18787F: with_input_from_buffered_stream (in /usr/bin/bash)
     n0: 2200 0x139156: main (in /usr/bin/bash)
  n0: 786 in 8 places, all below massif's threshold (1.00%)
 n1: 1024 0x490741B: _IO_file_doallocate (filedoalloc.c:101)
  n1: 1024 0x491604F: _IO_doallocbuf (genops.c:347)
   n1: 1024 0x491604F: _IO_doallocbuf (genops.c:342)
    n1: 1024 0x49150E7: _IO_file_overflow@@GLIBC_2.2.5 (fileops.c:744)
     n1: 1024 0x491422D: _IO_new_file_xsputn (fileops.c:1243)
      n1: 1024 0x491422D: _IO_file_xsputn@@GLIBC_2.2.5 (fileops.c:1196)
       n1: 1024 0x48E7408: __printf_buffer_flush_to_file (printf_buffer_to_file.c:59)
        n1: 1024 0x48E74BF: __printf_buffer_to_file_done (printf_buffer_to_file.c:120)
         n1: 1024 0x48F0D98: __vfprintf_internal (vfprintf-internal.c:1460)
          n1: 1024 0x49AA986: __printf_chk (printf_chk.c:33)
           n1: 1024 0x1A8A7E: echo_builtin (in /usr/bin/bash)
            n1: 1024 0x14D626: ??? (in /usr/bin/bash)
             n1: 1024 0x153285: execute_command_internal (in /usr/bin/bash)
              n1: 1024 0x153CE4: execute_command (in /usr/bin/bash)
               n1: 1024 0x13A9BC: reader_loop (in /usr/bin/bash)
                n0: 1024 0x139206: main (in /usr/bin/bash)
 n2: 891 0x1A3652: xrealloc (in /usr/bin/bash)
  n1: 800 0x15BAAA: ??? (in /usr/bin/bash)
   n1: 800 0x14F9C7: ??? (in /usr/bin/bash)
    n1: 800 0x153435: execute_command_internal (in /usr/bin/bash)
     n1: 800 0x153CE4: execute_command (in /usr/bin/bash)
      n1: 800 0x13A9BC: reader_loop (in /usr/bin/bash)
       n0: 800 0x139206: main (in /usr/bin/bash)
  n0: 91 in 2 places, all below massif's threshold (1.00%)
 n0: 34 in 3 places, all below massif's threshold (1.00%)
#-----------
snapshot=19
#-----------
time=1016830
mem_heap_B=69177
mem_heap_extra_B=9367
mem_stacks_B=0
heap_tree=empty
#-----------
snapshot=20
#-----------
time=1048548
mem_heap_B=69276
mem_heap_extra_B=9396
mem_stacks_B=0
heap_tree=empty
#-----------
snapshot=21
#-----------
time=1088882
mem_heap_B=69336
mem_heap_extra_B=9424
mem_stacks_B=0
heap_tree=empty
#-----------
snapshot=22
#-----------
time=1115053
mem_heap_B=69445
mem_heap_extra_B=9363
mem_stacks_B=0
heap_tree=empty
#-----------
snapshot=23
#-----------
time=1130110
mem_heap_B=69454
mem_heap_extra_B=9394
mem_stacks_B=0
heap_tree=empty
#-----------
snapshot=24
#-----------
time=1161915
mem_heap_B=71199
mem_heap_extra_B=10041
mem_stacks_B=0
heap_tree=detailed
n5: 71199 (heap allocation functions) malloc/new/new[], --alloc-fns, etc.
 n14: 66114 0x1A35FD: xmalloc (in /usr/bin/bash)
  n6: 34816 0x1837FB: hash_create (in /usr/bin/bash)
   n1: 8192 0x157C93: ??? (in /usr/bin/bash)
    n1: 8192 0x15D797: initialize_shell_variables (in /usr/bin/bash)
     n1: 8192 0x13A1A8: ??? (in /usr/bin/bash)
      n0: 8192 0x1387E7: main (in /usr/bin/bash)
   n1: 8192 0x15E4E2: initialize_shell_variables (in /usr/bin/bash)
    n1: 8192 0x13A1A8: ??? (in /usr/bin/bash)
     n0: 8192 0x1387E7: main (in /usr/bin/bash)
   n1: 8192 0x15E532: initialize_shell_variables (in /usr/bin/bash)
    n1: 8192 0x13A1A8: ??? (in /usr/bin/bash)
     n0: 8192 0x1387E7: main (in /usr/bin/bash)
   n1: 4096 0x157C41: ??? (in /usr/bin/bash)
    n1: 4096 0x15D797: initialize_shell_variables (in /usr/bin/bash)
     n1: 4096 0x13A1A8: ??? (in /usr/bin/bash)
      n0: 4096 0x1387E7: main (in /usr/bin/bash)
   n1: 4096 0x157CB1: ??? (in /usr/bin/bash)
    n1: 4096 0x15D797: initialize_shell_variables (in /usr/bin/bash)
     n1: 4096 0x13A1A8: ??? (in /usr/bin/bash)
      n0: 4096 0x1387E7: main (in /usr/bin/bash)
   n1: 2048 0x1835A9: phash_insert (in /usr/bin/bash)
    n1: 2048 0x19E0E5: search_for_command (in /usr/bin/bash)
     n1: 2048 0x14F97E: ??? (in /usr/bin/bash)
      n1: 2048 0x153435: execute_command_internal (in /usr/bin/bash)
       n1: 2048 0x153CE4: execute_command (in /usr/bin/bash)
        n1: 2048 0x13A9BC: reader_loop (in /usr/bin/bash)
         n0: 2048 0x139206: main (in /usr/bin/bash)
  n1: 4848 0x156822: ??? (in /usr/bin/bash)
   n2: 4848 0x157CCE: ??? (in /usr/bin/bash)
    n2: 4320 0x159DDC: ??? (in /usr/bin/bash)
     n1: 2832 0x15DA3C: initialize_shell_variables (in /usr/bin/bash)
      n1: 2832 0x13A1A8: ??? (in /usr/bin/bash)
       n0: 2832 0x1387E7: main (in /usr/bin/bash)
     n0: 1488 in 31 places, all below massif's threshold (1.00%)
    n0: 528 in 11 places, all below massif's threshold (1.00%)
  n0: 3696 in 74 places, all below massif's threshold (1.00%)
  n1: 3509 0x157050: ??? (in /usr/bin/bash)
   n2: 3509 0x15BA27: ??? (in /usr/bin/bash)
    n1: 3509 0x14F9C7: ??? (in /usr/bin/bash)
     n1: 3509 0x153435: execute_command_internal (in /usr/bin/bash)
      n1: 3509 0x153CE4: execute_command (in /usr/bin/bash)
       n1: 3509 0x13A9BC: reader_loop (in /usr/bin/bash)
        n0: 3509 0x139206: main (in /usr/bin/bash)
    n0: 0 in 1 place, below massif's threshold (1.00%)
  n1: 3501 0x15DA8F: initialize_shell_variables (in /usr/bin/bash)
   n1: 3501 0x13A1A8: ??? (in /usr/bin/bash)
    n0: 3501 0x1387E7: main (in /usr/bin/bash)
  n2: 3264 0x183DBB: hash_insert (in /usr/bin/bash)
   n2: 3232 0x157D07: ??? (in /usr/bin/bash)
    n2: 2880 0x159DDC: ??? (in /usr/bin/bash)
     n1: 1888 0x15DA3C: initialize_shell_variables (in /usr/bin/bash)
      n1: 1888 0x13A1A8: ??? (in /usr/bin/bash)
       n0: 1888 0x1387E7: main (in /usr/bin/bash)
     n0: 992 in 31 places, all below massif's threshold (1.00%)
    n0: 352 in 11 places, all below massif's threshold (1.00%)
   n0: 32 in 1 place, below massif's threshold (1.00%)
  n2: 3155 0x159A3C: make_variable_value (in /usr/bin/bash)
   n2: 3083 0x159DEC: ??? (in /usr/bin/bash)
    n1: 2657 0x15DA3C: initialize_shell_variables (in /usr/bin/bash)
     n1: 2657 0x13A1A8: ??? (in /usr/bin/bash)
      n0: 2657 0x1387E7: main (in /usr/bin/bash)
    n0: 426 in 19 places, all below massif's threshold (1.00%)
   n0: 72 in 1 place, below massif's threshold (1.00%)
  n1: 2639 0x1871CF: fd_to_buffered_stream (in /usr/bin/bash)
   n1: 2639 0x18787F: with_input_from_buffered_stream (in /usr/bin/bash)
    n0: 2639 0x139156: main (in /usr/bin/bash)
  n1: 1247 0x156836: ??? (in /usr/bin/bash)
   n2: 1247 0x157CCE: ??? (in /usr/bin/bash)
    n2: 1130 0x159DDC: ??? (in /usr/bin/bash)
     n1: 851 0x15DA3C: initialize_shell_variables (in /usr/bin/bash)
      n1: 851 0x13A1A8: ??? (in /usr/bin/bash)
       n0: 851 0x1387E7: main (in /usr/bin/bash)
     n0: 279 in 31 places, all below massif's threshold (1.00%)
    n0: 117 in 11 places, all below massif's threshold (1.00%)
  n2: 1247 0x157CEC: ??? (in /usr/bin/bash)
   n2: 1130 0x159DDC: ??? (in /usr/bin/bash)
    n1: 851 0x15DA3C: initialize_shell_variables (in /usr/bin/bash)
     n1: 851 0x13A1A8: ??? (in /usr/bin/bash)
      n0: 851 0x1387E7: main (in /usr/bin/bash)
    n0: 279 in 31 places, all below massif's threshold (1.00%)
   n0: 117 in 11 places, all below massif's threshold (1.00%)
  n2: 1120 0x17B9AF: ??? (in /usr/bin/bash)
   n1: 1120 0x17E0B9: ??? (in /usr/bin/bash)
    n1: 1120 0x152B64: execute_command_internal (in /usr/bin/bash)
     n1: 1120 0x153CE4: execute_command (in /usr/bin/bash)
      n1: 1120 0x13A9BC: reader_loop (in /usr/bin/bash)
       n0: 1120 0x139206: main (in /usr/bin/bash)
   n0: 0 in 2 places, all below massif's threshold (1.00%)
  n1: 1024 0x1485FA: cmd_init (in /usr/bin/bash)
   n0: 1024 0x138A22: main (in /usr/bin/bash)
  n1: 1024 0x148619: cmd_init (in /usr/bin/bash)
   n0: 1024 0x138A22: main (in /usr/bin/bash)
  n1: 1024 0x187ADD: uwp_init (in /usr/bin/bash)
   n0: 1024 0x138A27: main (in /usr/bin/bash)
 n2: 2986 0x1A366F: xrealloc (in /usr/bin/bash)
  n1: 2200 0x186D37: ??? (in /usr/bin/bash)
   n1: 2200 0x187250: fd_to_buffered_stream (in /usr/bin/bash)
    n1: 2200 0x18787F: with_input_from_buffered_stream (in /usr/bin/bash)
     n0: 2200 0x139156: main (in /usr/bin/bash)
  n0: 786 in 8 places, all below massif's threshold (1.00%)
 n1: 1041 0x1A3652: xrealloc (in /usr/bin/bash)
  n0: 1041 in 7 places, all below massif's threshold (1.00%)
 n1: 1024 0x490741B: _IO_file_doallocate (filedoalloc.c:101)
  n1: 1024 0x491604F: _IO_doallocbuf (genops.c:347)
   n1: 1024 0x491604F: _IO_doallocbuf (genops.c:342)
    n1: 1024 0x49150E7: _IO_file_overflow@@GLIBC_2.2.5 (fileops.c:744)
     n1: 1024 0x491422D: _IO_new_file_xsputn (fileops.c:1243)
      n1: 1024 0x491422D: _IO_file_xsputn@@GLIBC_2.2.5 (fileops.c:1196)
       n1: 1024 0x48E7408: __printf_buffer_flush_to_file (printf_buffer_to_file.c:59)
        n1: 1024 0x48E74BF: __printf_buffer_to_file_done (printf_buffer_to_file.c:120)
         n1: 1024 0x48F0D98: __vfprintf_internal (vfprintf-internal.c:1460)
          n1: 1024 0x49AA986: __printf_chk (printf_chk.c:33)
           n1: 1024 0x1A8A7E: echo_builtin (in /usr/bin/bash)
            n1: 1024 0x14D626: ??? (in /usr/bin/bash)
             n1: 1024 0x153285: execute_command_internal (in /usr/bin/bash)
              n1: 1024 0x153CE4: execute_command (in /usr/bin/bash)
               n1: 1024 0x13A9BC: reader_loop (in /usr/bin/bash)
                n0: 1024 0x139206: main (in /usr/bin/bash)
 n0: 34 in 3 places, all below massif's threshold (1.00%)
#-----------
snapshot=25
#-----------
time=1184561
mem_heap_B=69731
mem_heap_extra_B=9541
mem_stacks_B=0
heap_tree=empty
#-----------
snapshot=26
#-----------
time=1204375
mem_heap_B=69737
mem_heap_extra_B=9559
mem_stacks_B=0
heap_tree=empty
#-----------
snapshot=27
#-----------
time=1228585
mem_heap_B=70572
mem_heap_extra_B=9668
mem_stacks_B=0
heap_tree=empty
#-----------
snapshot=28
#-----------
time=1255113
mem_heap_B=70079
mem_heap_extra_B=9569
mem_stacks_B=0
heap_tree=empty
#-----------
snapshot=29
#-----------
time=1290237
mem_heap_B=70874
mem_heap_extra_B=9894
mem_stacks_B=0
heap_tree=empty
#-----------
snapshot=30
#-----------
time=1310865
mem_heap_B=69961
mem_heap_extra_B=9567
mem_stacks_B=0
heap_tree=empty
#-----------
snapshot=31
#-----------
time=1330818
mem_heap_B=70159
mem_heap_extra_B=9593
mem_stacks_B=0
heap_tree=empty
#-----------
snapshot=32
#-----------
time=1352478
mem_heap_B=70915
mem_heap_extra_B=9693
mem_stacks_B=0
heap_tree=empty
#-----------
snapshot=33
#-----------
time=1385141
mem_heap_B=70182
mem_heap_extra_B=9594
mem_stacks_B=0
heap_tree=empty
#-----------
snapshot=34
#-----------
time=1418546
mem_heap_B=70754
mem_heap_extra_B=9918
mem_stacks_B=0
heap_tree=empty
#-----------
snapshot=35
#-----------
time=1457891
mem_heap_B=70207
mem_heap_extra_B=9625
mem_stacks_B=0
heap_tree=empty
#-----------
snapshot=36
#-----------
time=1485118
mem_heap_B=70647
mem_heap_extra_B=9753
mem_stacks_B=0
heap_tree=detailed
n5: 70647 (heap allocation functions) malloc/new/new[], --alloc-fns, etc.
 n14: 65400 0x1A35FD: xmalloc (in /usr/bin/bash)
  n6: 34816 0x1837FB: hash_create (in /usr/bin/bash)
   n1: 8192 0x157C93: ??? (in /usr/bin/bash)
    n1: 8192 0x15D797: initialize_shell_variables (in /usr/bin/bash)
     n1: 8192 0x13A1A8: ??? (in /usr/bin/bash)
      n0: 8192 0x1387E7: main (in /usr/bin/bash)
   n1: 8192 0x15E4E2: initialize_shell_variables (in /usr/bin/bash)
    n1: 8192 0x13A1A8: ??? (in /usr/bin/bash)
     n0: 8192 0x1387E7: main (in /usr/bin/bash)
   n1: 8192 0x15E532: initialize_shell_variables (in /usr/bin/bash)
    n1: 8192 0x13A1A8: ??? (in /usr/bin/bash)
     n0: 8192 0x1387E7: main (in /usr/bin/bash)
   n1: 4096 0x157C41: ??? (in /usr/bin/bash)
    n1: 4096 0x15D797: initialize_shell_variables (in /usr/bin/bash)
     n1: 4096 0x13A1A8: ??? (in /usr/bin/bash)
      n0: 4096 0x1387E7: main (in /usr/bin/bash)
   n1: 4096 0x157CB1: ??? (in /usr/bin/bash)
    n1: 4096 0x15D797: initialize_shell_variables (in /usr/bin/bash)
     n1: 4096 0x13A1A8: ??? (in /usr/bin/bash)
      n0: 4096 0x1387E7: main (in /usr/bin/bash)
   n1: 2048 0x1835A9: phash_insert (in /usr/bin/bash)
    n1: 2048 0x19E0E5: search_for_command (in /usr/bin/bash)
     n1: 2048 0x14F97E: ??? (in /usr/bin/bash)
      n1: 2048 0x153435: execute_command_internal (in /usr/bin/bash)
       n1: 2048 0x153CE4: execute_command (in /usr/bin/bash)
        n1: 2048 0x13A9BC: reader_loop (in /usr/bin/bash)
         n0: 2048 0x139206: main (in /usr/bin/bash)
  n1: 4848 0x156822: ??? (in /usr/bin/bash)
   n2: 4848 0x157CCE: ??? (in /usr/bin/bash)
    n2: 4320 0x159DDC: ??? (in /usr/bin/bash)
     n1: 2832 0x15DA3C: initialize_shell_variables (in /usr/bin/bash)
      n1: 2832 0x13A1A8: ??? (in /usr/bin/bash)
       n0: 2832 0x1387E7: main (in /usr/bin/bash)
     n0: 1488 in 31 places, all below massif's threshold (1.00%)
    n0: 528 in 11 places, all below massif's threshold (1.00%)
  n1: 3509 0x157050: ??? (in /usr/bin/bash)
   n2: 3509 0x15BA27: ??? (in /usr/bin/bash)
    n1: 3509 0x14F9C7: ??? (in /usr/bin/bash)
     n1: 3509 0x153435: execute_command_internal (in /usr/bin/bash)
      n1: 3509 0x153CE4: execute_command (in /usr/bin/bash)
       n1: 3509 0x13A9BC: reader_loop (in /usr/bin/bash)
        n0: 3509 0x139206: main (in /usr/bin/bash)
    n0: 0 in 1 place, below massif's threshold (1.00%)
  n1: 3501 0x15DA8F: initialize_shell_variables (in /usr/bin/bash)
   n1: 3501 0x13A1A8: ??? (in /usr/bin/bash)
    n0: 3501 0x1387E7: main (in /usr/bin/bash)
  n2: 3264 0x183DBB: hash_insert (in /usr/bin/bash)
   n2: 3232 0x157D07: ??? (in /usr/bin/bash)
    n2: 2880 0x159DDC: ??? (in /usr/bin/bash)
     n1: 1888 0x15DA3C: initialize_shell_variables (in /usr/bin/bash)
      n1: 1888 0x13A1A8: ??? (in /usr/bin/bash)
       n0: 1888 0x1387E7: main (in /usr/bin/bash)
     n0: 992 in 31 places, all below massif's threshold (1.00%)
    n0: 352 in 11 places, all below massif's threshold (1.00%)
   n0: 32 in 1 place, below massif's threshold (1.00%)
  n0: 3248 in 74 places, all below massif's threshold (1.00%)
  n2: 3109 0x159A3C: make_variable_value (in /usr/bin/bash)
   n2: 3083 0x159DEC: ??? (in /usr/bin/bash)
    n1: 2657 0x15DA3C: initialize_shell_variables (in /usr/bin/bash)
     n1: 2657 0x13A1A8: ??? (in /usr/bin/bash)
      n0: 2657 0x1387E7: main (in /usr/bin/bash)
    n0: 426 in 19 places, all below massif's threshold (1.00%)
   n0: 26 in 1 place, below massif's threshold (1.00%)
  n1: 2639 0x1871CF: fd_to_buffered_stream (in /usr/bin/bash)
   n1: 2639 0x18787F: with_input_from_buffered_stream (in /usr/bin/bash)
    n0: 2639 0x139156: main (in /usr/bin/bash)
  n1: 1247 0x156836: ??? (in /usr/bin/bash)
   n2: 1247 0x157CCE: ??? (in /usr/bin/bash)
    n2: 1130 0x159DDC: ??? (in /usr/bin/bash)
     n1: 851 0x15DA3C: initialize_shell_variables (in /usr/bin/bash)
      n1: 851 0x13A1A8: ??? (in /usr/bin/bash)
       n0: 851 0x1387E7: main (in /usr/bin/bash)
     n0: 279 in 31 places, all below massif's threshold (1.00%)
    n0: 117 in 11 places, all below massif's threshold (1.00%)
  n2: 1247 0x157CEC: ??? (in /usr/bin/bash)
   n2: 1130 0x159DDC: ??? (in /usr/bin/bash)
    n1: 851 0x15DA3C: initialize_shell_variables (in /usr/bin/bash)
     n1: 851 0x13A1A8: ??? (in /usr/bin/bash)
      n0: 851 0x1387E7: main (in /usr/bin/bash)
    n0: 279 in 31 places, all below massif's threshold (1.00%)
   n0: 117 in 11 places, all below massif's threshold (1.00%)
  n1: 1024 0x1485FA: cmd_init (in /usr/bin/bash)
   n0: 1024 0x138A22: main (in /usr/bin/bash)
  n1: 1024 0x148619: cmd_init (in /usr/bin/bash)
   n0: 1024 0x138A22: main (in /usr/bin/bash)
  n1: 1024 0x187ADD: uwp_init (in /usr/bin/bash)
   n0: 1024 0x138A27: main (in /usr/bin/bash)
  n1: 900 0x187E4F: unwind_protect_mem (in /usr/bin/bash)
   n0: 900 in 12 places, all below massif's threshold (1.00%)
 n2: 2986 0x1A366F: xrealloc (in /usr/bin/bash)
  n1: 2200 0x186D37: ??? (in /usr/bin/bash)
   n1: 2200 0x187250: fd_to_buffered_stream (in /usr/bin/bash)
    n1: 2200 0x18787F: with_input_from_buffered_stream (in /usr/bin/bash)
     n0: 2200 0x139156: main (in /usr/bin/bash)
  n0: 786 in 8 places, all below massif's threshold (1.00%)
 n1: 1203 0x1A3652: xrealloc (in /usr/bin/bash)
  n0: 1203 in 7 places, all below massif's threshold (1.00%)
 n1: 1024 0x490741B: _IO_file_doallocate (filedoalloc.c:101)
  n1: 1024 0x491604F: _IO_doallocbuf (genops.c:347)
   n1: 1024 0x491604F: _IO_doallocbuf (genops.c:342)
    n1: 1024 0x49150E7: _IO_file_overflow@@GLIBC_2.2.5 (fileops.c:744)
     n1: 1024 0x491422D: _IO_new_file_xsputn (fileops.c:1243)
      n1: 1024 0x491422D: _IO_file_xsputn@@GLIBC_2.2.5 (fileops.c:1196)
       n1: 1024 0x48E7408: __printf_buffer_flush_to_file (printf_buffer_to_file.c:59)
        n1: 1024 0x48E74BF: __printf_buffer_to_file_done (printf_buffer_to_file.c:120)
         n1: 1024 0x48F0D98: __vfprintf_internal (vfprintf-internal.c:1460)
          n1: 1024 0x49AA986: __printf_chk (printf_chk.c:33)
           n1: 1024 0x1A8A7E: echo_builtin (in /usr/bin/bash)
            n1: 1024 0x14D626: ??? (in /usr/bin/bash)
             n1: 1024 0x153285: execute_command_internal (in /usr/bin/bash)
              n1: 1024 0x153CE4: execute_command (in /usr/bin/bash)
               n1: 1024 0x13A9BC: reader_loop (in /usr/bin/bash)
                n0: 1024 0x139206: main (in /usr/bin/bash)
 n0: 34 in 3 places, all below massif's threshold (1.00%)
#-----------
snapshot=37
#-----------
time=1507126
mem_heap_B=70246
mem_heap_extra_B=9642
mem_stacks_B=0
heap_tree=empty
#-----------
snapshot=38
#-----------
time=1541133
mem_heap_B=71860
mem_heap_extra_B=10252
mem_stacks_B=0
heap_tree=detailed
n5: 71860 (heap allocation functions) malloc/new/new[], --alloc-fns, etc.
 n15: 66613 0x1A35FD: xmalloc (in /usr/bin/bash)
  n6: 34816 0x1837FB: hash_create (in /usr/bin/bash)
   n1: 8192 0x157C93: ??? (in /usr/bin/bash)
    n1: 8192 0x15D797: initialize_shell_variables (in /usr/bin/bash)
     n1: 8192 0x13A1A8: ??? (in /usr/bin/bash)
      n0: 8192 0x1387E7: main (in /usr/bin/bash)
   n1: 8192 0x15E4E2: initialize_shell_variables (in /usr/bin/bash)
    n1: 8192 0x13A1A8: ??? (in /usr/bin/bash)
     n0: 8192 0x1387E7: main (in /usr/bin/bash)
   n1: 8192 0x15E532: initialize_shell_variables (in /usr/bin/bash)
    n1: 8192 0x13A1A8: ??? (in /usr/bin/bash)
     n0: 8192 0x1387E7: main (in /usr/bin/bash)
   n1: 4096 0x157C41: ??? (in /usr/bin/bash)
    n1: 4096 0x15D797: initialize_shell_variables (in /usr/bin/bash)
     n1: 4096 0x13A1A8: ??? (in /usr/bin/bash)
      n0: 4096 0x1387E7: main (in /usr/bin/bash)
   n1: 4096 0x157CB1: ??? (in /usr/bin/bash)
    n1: 4096 0x15D797: initialize_shell_variables (in /usr/bin/bash)
     n1: 4096 0x13A1A8: ??? (in /usr/bin/bash)
      n0: 4096 0x1387E7: main (in /usr/bin/bash)
   n1: 2048 0x1835A9: phash_insert (in /usr/bin/bash)
    n1: 2048 0x19E0E5: search_for_command (in /usr/bin/bash)
     n1: 2048 0x14F97E: ??? (in /usr/bin/bash)
      n1: 2048 0x153435: execute_command_internal (in /usr/bin/bash)
       n1: 2048 0x153CE4: execute_command (in /usr/bin/bash)
        n1: 2048 0x13A9BC: reader_loop (in /usr/bin/bash)
         n0: 2048 0x139206: main (in /usr/bin/bash)
  n1: 4848 0x156822: ??? (in /usr/bin/bash)
   n2: 4848 0x157CCE: ??? (in /usr/bin/bash)
    n2: 4320 0x159DDC: ??? (in /usr/bin/bash)
     n1: 2832 0x15DA3C: initialize_shell_variables (in /usr/bin/bash)
      n1: 2832 0x13A1A8: ??? (in /usr/bin/bash)
       n0: 2832 0x1387E7: main (in /usr/bin/bash)
     n0: 1488 in 31 places, all below massif's threshold (1.00%)
    n0: 528 in 11 places, all below massif's threshold (1.00%)
  n1: 3509 0x157050: ??? (in /usr/bin/bash)
   n2: 3509 0x15BA27: ??? (in /usr/bin/bash)
    n1: 3509 0x14F9C7: ??? (in /usr/bin/bash)
     n1: 3509 0x153435: execute_command_internal (in /usr/bin/bash)
      n1: 3509 0x153CE4: execute_command (in /usr/bin/bash)
       n1: 3509 0x13A9BC: reader_loop (in /usr/bin/bash)
        n0: 3509 0x139206: main (in /usr/bin/bash)
    n0: 0 in 1 place, below massif's threshold (1.00%)
  n1: 3501 0x15DA8F: initialize_shell_variables (in /usr/bin/bash)
   n1: 3501 0x13A1A8: ??? (in /usr/bin/bash)
    n0: 3501 0x1387E7: main (in /usr/bin/bash)
  n2: 3264 0x183DBB: hash_insert (in /usr/bin/bash)
   n2: 3232 0x157D07: ??? (in /usr/bin/bash)
    n2: 2880 0x159DDC: ??? (in /usr/bin/bash)
     n1: 1888 0x15DA3C: initialize_shell_variables (in /usr/bin/bash)
      n1: 1888 0x13A1A8: ??? (in /usr/bin/bash)
       n0: 1888 0x1387E7: main (in /usr/bin/bash)
     n0: 992 in 31 places, all below massif's threshold (1.00%)
    n0: 352 in 11 places, all below massif's threshold (1.00%)
   n0: 32 in 1 place, below massif's threshold (1.00%)
  n2: 3230 0x159A3C: make_variable_value (in /usr/bin/bash)
   n2: 3083 0x159DEC: ??? (in /usr/bin/bash)
    n1: 2657 0x15DA3C: initialize_shell_variables (in /usr/bin/bash)
     n1: 2657 0x13A1A8: ??? (in /usr/bin/bash)
      n0: 2657 0x1387E7: main (in /usr/bin/bash)
    n0: 426 in 19 places, all below massif's threshold (1.00%)
   n0: 147 in 1 place, below massif's threshold (1.00%)
  n0: 3108 in 73 places, all below massif's threshold (1.00%)
  n1: 2639 0x1871CF: fd_to_buffered_stream (in /usr/bin/bash)
   n1: 2639 0x18787F: with_input_from_buffered_stream (in /usr/bin/bash)
    n0: 2639 0x139156: main (in /usr/bin/bash)
  n1: 1247 0x156836: ??? (in /usr/bin/bash)
   n2: 1247 0x157CCE: ??? (in /usr/bin/bash)
    n2: 1130 0x159DDC: ??? (in /usr/bin/bash)
     n1: 851 0x15DA3C: initialize_shell_variables (in /usr/bin/bash)
      n1: 851 0x13A1A8: ??? (in /usr/bin/bash)
       n0: 851 0x1387E7: main (in /usr/bin/bash)
     n0: 279 in 31 places, all below massif's threshold (1.00%)
    n0: 117 in 11 places, all below massif's threshold (1.00%)
  n2: 1247 0x157CEC: ??? (in /usr/bin/bash)
   n2: 1130 0x159DDC: ??? (in /usr/bin/bash)
    n1: 851 0x15DA3C: initialize_shell_variables (in /usr/bin/bash)
     n1: 851 0x13A1A8: ??? (in /usr/bin/bash)
      n0: 851 0x1387E7: main (in /usr/bin/bash)
    n0: 279 in 31 places, all below massif's threshold (1.00%)
   n0: 117 in 11 places, all below massif's threshold (1.00%)
  n2: 1232 0x17B9AF: ??? (in /usr/bin/bash)
   n1: 1232 0x17E0B9: ??? (in /usr/bin/bash)
    n1: 1232 0x152B64: execute_command_internal (in /usr/bin/bash)
     n1: 1232 0x153CE4: execute_command (in /usr/bin/bash)
      n1: 1232 0x13A9BC: reader_loop (in /usr/bin/bash)
       n0: 1232 0x139206: main (in /usr/bin/bash)
   n0: 0 in 2 places, all below massif's threshold (1.00%)
  n1: 1024 0x1485FA: cmd_init (in /usr/bin/bash)
   n0: 1024 0x138A22: main (in /usr/bin/bash)
  n1: 1024 0x148619: cmd_init (in /usr/bin/bash)
   n0: 1024 0x138A22: main (in /usr/bin/bash)
  n1: 1024 0x187ADD: uwp_init (in /usr/bin/bash)
   n0: 1024 0x138A27: main (in /usr/bin/bash)
  n1: 900 0x187E4F: unwind_protect_mem (in /usr/bin/bash)
   n0: 900 in 12 places, all below massif's threshold (1.00%)
 n2: 2986 0x1A366F: xrealloc (in /usr/bin/bash)
  n1: 2200 0x186D37: ??? (in /usr/bin/bash)
   n1: 2200 0x187250: fd_to_buffered_stream (in /usr/bin/bash)
    n1: 2200 0x18787F: with_input_from_buffered_stream (in /usr/bin/bash)
     n0: 2200 0x139156: main (in /usr/bin/bash)
  n0: 786 in 8 places, all below massif's threshold (1.00%)
 n1: 1203 0x1A3652: xrealloc (in /usr/bin/bash)
  n0: 1203 in 7 places, all below massif's threshold (1.00%)
 n1: 1024 0x490741B: _IO_file_doallocate (filedoalloc.c:101)
  n1: 1024 0x491604F: _IO_doallocbuf (genops.c:347)
   n1: 1024 0x491604F: _IO_doallocbuf (genops.c:342)
    n1: 1024 0x49150E7: _IO_file_overflow@@GLIBC_2.2.5 (fileops.c:744)
     n1: 1024 0x491422D: _IO_new_file_xsputn (fileops.c:1243)
      n1: 1024 0x491422D: _IO_file_xsputn@@GLIBC_2.2.5 (fileops.c:1196)
       n1: 1024 0x48E7408: __printf_buffer_flush_to_file (printf_buffer_to_file.c:59)
        n1: 1024 0x48E74BF: __printf_buffer_to_file_done (printf_buffer_to_file.c:120)
         n1: 1024 0x48F0D98: __vfprintf_internal (vfprintf-internal.c:1460)
          n1: 1024 0x49AA986: __printf_chk (printf_chk.c:33)
           n1: 1024 0x1A8A7E: echo_builtin (in /usr/bin/bash)
            n1: 1024 0x14D626: ??? (in /usr/bin/bash)
             n1: 1024 0x153285: execute_command_internal (in /usr/bin/bash)
              n1: 1024 0x153CE4: execute_command (in /usr/bin/bash)
               n1: 1024 0x13A9BC: reader_loop (in /usr/bin/bash)
                n0: 1024 0x139206: main (in /usr/bin/bash)
 n0: 34 in 3 places, all below massif's threshold (1.00%)
#-----------
snapshot=39
#-----------
time=1565431
mem_heap_B=70174
mem_heap_extra_B=9682
mem_stacks_B=0
heap_tree=empty
#-----------
snapshot=40
#-----------
time=1592666
mem_heap_B=71031
mem_heap_extra_B=9857
mem_stacks_B=0
heap_tree=empty
#-----------
snapshot=41
#-----------
time=1620136
mem_heap_B=70381
mem_heap_extra_B=9731
mem_stacks_B=0
heap_tree=empty
#-----------
snapshot=42
#-----------
time=1652979
mem_heap_B=70530
mem_heap_extra_B=9886
mem_stacks_B=0
heap_tree=empty
#-----------
snapshot=43
#-----------
time=1671622
mem_heap_B=70303
mem_heap_extra_B=9841
mem_stacks_B=0
heap_tree=empty
#-----------
snapshot=44
#-----------
time=1696364
mem_heap_B=70399
mem_heap_extra_B=9857
mem_stacks_B=0
heap_tree=empty
#-----------
snapshot=45
#-----------
time=1724066
mem_heap_B=70347
mem_heap_extra_B=9877
mem_stacks_B=0
heap_tree=detailed
n5: 70347 (heap allocation functions) malloc/new/new[], --alloc-fns, etc.
 n14: 65100 0x1A35FD: xmalloc (in /usr/bin/bash)
  n6: 34816 0x1837FB: hash_create (in /usr/bin/bash)
   n1: 8192 0x157C93: ??? (in /usr/bin/bash)
    n1: 8192 0x15D797: initialize_shell_variables (in /usr/bin/bash)
     n1: 8192 0x13A1A8: ??? (in /usr/bin/bash)
      n0: 8192 0x1387E7: main (in /usr/bin/bash)
   n1: 8192 0x15E4E2: initialize_shell_variables (in /usr/bin/bash)
    n1: 8192 0x13A1A8: ??? (in /usr/bin/bash)
     n0: 8192 0x1387E7: main (in /usr/bin/bash)
   n1: 8192 0x15E532: initialize_shell_variables (in /usr/bin/bash)
    n1: 8192 0x13A1A8: ??? (in /usr/bin/bash)
     n0: 8192 0x1387E7: main (in /usr/bin/bash)
   n1: 4096 0x157C41: ??? (in /usr/bin/bash)
    n1: 4096 0x15D797: initialize_shell_variables (in /usr/bin/bash)
     n1: 4096 0x13A1A8: ??? (in /usr/bin/bash)
      n0: 4096 0x1387E7: main (in /usr/bin/bash)
   n1: 4096 0x157CB1: ??? (in /usr/bin/bash)
    n1: 4096 0x15D797: initialize_shell_variables (in /usr/bin/bash)
     n1: 4096 0x13A1A8: ??? (in /usr/bin/bash)
      n0: 4096 0x1387E7: main (in /usr/bin/bash)
   n1: 2048 0x1835A9: phash_insert (in /usr/bin/bash)
    n1: 2048 0x19E0E5: search_for_command (in /usr/bin/bash)
     n1: 2048 0x14F97E: ??? (in /usr/bin/bash)
      n1: 2048 0x153435: execute_command_internal (in /usr/bin/bash)
       n1: 2048 0x153CE4: execute_command (in /usr/bin/bash)
        n1: 2048 0x13A9BC: reader_loop (in /usr/bin/bash)
         n0: 2048 0x139206: main (in /usr/bin/bash)
  n1: 4848 0x156822: ??? (in /usr/bin/bash)
   n2: 4848 0x157CCE: ??? (in /usr/bin/bash)
    n2: 4320 0x159DDC: ??? (in /usr/bin/bash)
     n1: 2832 0x15DA3C: initialize_shell_variables (in /usr/bin/bash)
      n1: 2832 0x13A1A8: ??? (in /usr/bin/bash)
       n0: 2832 0x1387E7: main (in /usr/bin/bash)
     n0: 1488 in 31 places, all below massif's threshold (1.00%)
    n0: 528 in 11 places, all below massif's threshold (1.00%)
  n1: 3509 0x157050: ??? (in /usr/bin/bash)
   n2: 3509 0x15BA27: ??? (in /usr/bin/bash)
    n1: 3509 0x14F9C7: ??? (in /usr/bin/bash)
     n1: 3509 0x153435: execute_command_internal (in /usr/bin/bash)
      n1: 3509 0x153CE4: execute_command (in /usr/bin/bash)
       n1: 3509 0x13A9BC: reader_loop (in /usr/bin/bash)
        n0: 3509 0x139206: main (in /usr/bin/bash)
    n0: 0 in 1 place, below massif's threshold (1.00%)
  n1: 3501 0x15DA8F: initialize_shell_variables (in /usr/bin/bash)
   n1: 3501 0x13A1A8: ??? (in /usr/bin/bash)
    n0: 3501 0x1387E7: main (in /usr/bin/bash)
  n2: 3296 0x183DBB: hash_insert (in /usr/bin/bash)
   n2: 3232 0x157D07: ??? (in /usr/bin/bash)
    n2: 2880 0x159DDC: ??? (in /usr/bin/bash)
     n1: 1888 0x15DA3C: initialize_shell_variables (in /usr/bin/bash)
      n1: 1888 0x13A1A8: ??? (in /usr/bin/bash)
       n0: 1888 0x1387E7: main (in /usr/bin/bash)
     n0: 992 in 31 places, all below massif's threshold (1.00%)
    n0: 352 in 11 places, all below massif's threshold (1.00%)
   n0: 64 in 1 place, below massif's threshold (1.00%)
  n2: 3109 0x159A3C: make_variable_value (in /usr/bin/bash)
   n2: 3083 0x159DEC: ??? (in /usr/bin/bash)
    n1: 2657 0x15DA3C: initialize_shell_variables (in /usr/bin/bash)
     n1: 2657 0x13A1A8: ??? (in /usr/bin/bash)
      n0: 2657 0x1387E7: main (in /usr/bin/bash)
    n0: 426 in 19 places, all below massif's threshold (1.00%)
   n0: 26 in 1 place, below massif's threshold (1.00%)
  n0: 2724 in 74 places, all below massif's threshold (1.00%)
  n1: 2639 0x1871CF: fd_to_buffered_stream (in /usr/bin/bash)
   n1: 2639 0x18787F: with_input_from_buffered_stream (in /usr/bin/bash)
    n0: 2639 0x139156: main (in /usr/bin/bash)
  n1: 1247 0x156836: ??? (in /usr/bin/bash)
   n2: 1247 0x157CCE: ??? (in /usr/bin/bash)
    n2: 1130 0x159DDC: ??? (in /usr/bin/bash)
     n1: 851 0x15DA3C: initialize_shell_variables (in /usr/bin/bash)
      n1: 851 0x13A1A8: ??? (in /usr/bin/bash)
       n0: 851 0x1387E7: main (in /usr/bin/bash)
     n0: 279 in 31 places, all below massif's threshold (1.00%)
    n0: 117 in 11 places, all below massif's threshold (1.00%)
  n2: 1247 0x157CEC: ??? (in /usr/bin/bash)
   n2: 1130 0x159DDC: ??? (in /usr/bin/bash)
    n1: 851 0x15DA3C: initialize_shell_variables (in /usr/bin/bash)
     n1: 851 0x13A1A8: ??? (in /usr/bin/bash)
      n0: 851 0x1387E7: main (in /usr/bin/bash)
    n0: 279 in 31 places, all below massif's threshold (1.00%)
   n0: 117 in 11 places, all below massif's threshold (1.00%)
  n1: 1092 0x187E4F: unwind_protect_mem (in /usr/bin/bash)
   n0: 1092 in 12 places, all below massif's threshold (1.00%)
  n1: 1024 0x1485FA: cmd_init (in /usr/bin/bash)
   n0: 1024 0x138A22: main (in /usr/bin/bash)
  n1: 1024 0x148619: cmd_init (in /usr/bin/bash)
   n0: 1024 0x138A22: main (in /usr/bin/bash)
  n1: 1024 0x187ADD: uwp_init (in /usr/bin/bash)
   n0: 1024 0x138A27: main (in /usr/bin/bash)
 n2: 2986 0x1A366F: xrealloc (in /usr/bin/bash)
  n1: 2200 0x186D37: ??? (in /usr/bin/bash)
   n1: 2200 0x187250: fd_to_buffered_stream (in /usr/bin/bash)
    n1: 2200 0x18787F: with_input_from_buffered_stream (in /usr/bin/bash)
     n0: 2200 0x139156: main (in /usr/bin/bash)
  n0: 786 in 8 places, all below massif's threshold (1.00%)
 n1: 1203 0x1A3652: xrealloc (in /usr/bin/bash)
  n0: 1203 in 7 places, all below massif's threshold (1.00%)
 n1: 1024 0x490741B: _IO_file_doallocate (filedoalloc.c:101)
  n1: 1024 0x491604F: _IO_doallocbuf (genops.c:347)
   n1: 1024 0x491604F: _IO_doallocbuf (genops.c:342)
    n1: 1024 0x49150E7: _IO_file_overflow@@GLIBC_2.2.5 (fileops.c:744)
     n1: 1024 0x491422D: _IO_new_file_xsputn (fileops.c:1243)
      n1: 1024 0x491422D: _IO_file_xsputn@@GLIBC_2.2.5 (fileops.c:1196)
       n1: 1024 0x48E7408: __printf_buffer_flush_to_file (printf_buffer_to_file.c:59)
        n1: 1024 0x48E74BF: __printf_buffer_to_file_done (printf_buffer_to_file.c:120)
         n1: 1024 0x48F0D98: __vfprintf_internal (vfprintf-internal.c:1460)
          n1: 1024 0x49AA986: __printf_chk (printf_chk.c:33)
           n1: 1024 0x1A8A7E: echo_builtin (in /usr/bin/bash)
            n1: 1024 0x14D626: ??? (in /usr/bin/bash)
             n1: 1024 0x153285: execute_command_internal (in /usr/bin/bash)
              n1: 1024 0x153CE4: execute_command (in /usr/bin/bash)
               n1: 1024 0x13A9BC: reader_loop (in /usr/bin/bash)
                n0: 1024 0x139206: main (in /usr/bin/bash)
 n0: 34 in 3 places, all below massif's threshold (1.00%)
#-----------
snapshot=46
#-----------
time=1741349
mem_heap_B=70455
mem_heap_extra_B=9865
mem_stacks_B=0
heap_tree=empty
#-----------
snapshot=47
#-----------
time=1769574
mem_heap_B=70413
mem_heap_extra_B=9907
mem_stacks_B=0
heap_tree=empty
#-----------
snapshot=48
#-----------
time=1787111
mem_heap_B=70523
mem_heap_extra_B=9877
mem_stacks_B=0
heap_tree=empty
#-----------
snapshot=49
#-----------
time=1821395
mem_heap_B=70568
mem_heap_extra_B=9968
mem_stacks_B=0
heap_tree=empty
#-----------
snapshot=50
#-----------
time=1836540
mem_heap_B=71345
mem_heap_extra_B=10175
mem_stacks_B=0
heap_tree=empty
#-----------
snapshot=51
#-----------
time=1853223
mem_heap_B=71721
mem_heap_extra_B=10127
mem_stacks_B=0
heap_tree=empty
#-----------
snapshot=52
#-----------
time=1868604
mem_heap_B=72615
mem_heap_extra_B=10433
mem_stacks_B=0
heap_tree=empty
#-----------
snapshot=53
#-----------
time=1874089
mem_heap_B=73181
mem_heap_extra_B=10467
mem_stacks_B=0
heap_tree=peak
n5: 73181 (heap allocation functions) malloc/new/new[], --alloc-fns, etc.
 n14: 67144 0x1A35FD: xmalloc (in /usr/bin/bash)
  n6: 34816 0x1837FB: hash_create (in /usr/bin/bash)
   n1: 8192 0x157C93: ??? (in /usr/bin/bash)
    n1: 8192 0x15D797: initialize_shell_variables (in /usr/bin/bash)
     n1: 8192 0x13A1A8: ??? (in /usr/bin/bash)
      n0: 8192 0x1387E7: main (in /usr/bin/bash)
   n1: 8192 0x15E4E2: initialize_shell_variables (in /usr/bin/bash)
    n1: 8192 0x13A1A8: ??? (in /usr/bin/bash)
     n0: 8192 0x1387E7: main (in /usr/bin/bash)
   n1: 8192 0x15E532: initialize_shell_variables (in /usr/bin/bash)
    n1: 8192 0x13A1A8: ??? (in /usr/bin/bash)
     n0: 8192 0x1387E7: main (in /usr/bin/bash)
   n1: 4096 0x157C41: ??? (in /usr/bin/bash)
    n1: 4096 0x15D797: initialize_shell_variables (in /usr/bin/bash)
     n1: 4096 0x13A1A8: ??? (in /usr/bin/bash)
      n0: 4096 0x1387E7: main (in /usr/bin/bash)
   n1: 4096 0x157CB1: ??? (in /usr/bin/bash)
    n1: 4096 0x15D797: initialize_shell_variables (in /usr/bin/bash)
     n1: 4096 0x13A1A8: ??? (in /usr/bin/bash)
      n0: 4096 0x1387E7: main (in /usr/bin/bash)
   n1: 2048 0x1835A9: phash_insert (in /usr/bin/bash)
    n1: 2048 0x19E0E5: search_for_command (in /usr/bin/bash)
     n1: 2048 0x14F97E: ??? (in /usr/bin/bash)
      n1: 2048 0x153435: execute_command_internal (in /usr/bin/bash)
       n1: 2048 0x153CE4: execute_command (in /usr/bin/bash)
        n1: 2048 0x13A9BC: reader_loop (in /usr/bin/bash)
         n0: 2048 0x139206: main (in /usr/bin/bash)
  n1: 4896 0x156822: ??? (in /usr/bin/bash)
   n2: 4896 0x157CCE: ??? (in /usr/bin/bash)
    n2: 4368 0x159DDC: ??? (in /usr/bin/bash)
     n1: 2832 0x15DA3C: initialize_shell_variables (in /usr/bin/bash)
      n1: 2832 0x13A1A8: ??? (in /usr/bin/bash)
       n0: 2832 0x1387E7: main (in /usr/bin/bash)
     n0: 1536 in 31 places, all below massif's threshold (1.00%)
    n0: 528 in 11 places, all below massif's threshold (1.00%)
  n1: 3509 0x157050: ??? (in /usr/bin/bash)
   n2: 3509 0x15BA27: ??? (in /usr/bin/bash)
    n1: 3509 0x14F9C7: ??? (in /usr/bin/bash)
     n1: 3509 0x153435: execute_command_internal (in /usr/bin/bash)
      n1: 3509 0x153CE4: execute_command (in /usr/bin/bash)
       n1: 3509 0x13A9BC: reader_loop (in /usr/bin/bash)
        n0: 3509 0x139206: main (in /usr/bin/bash)
    n0: 0 in 1 place, below massif's threshold (1.00%)
  n0: 3507 in 78 places, all below massif's threshold (1.00%)
  n1: 3501 0x15DA8F: initialize_shell_variables (in /usr/bin/bash)
   n1: 3501 0x13A1A8: ??? (in /usr/bin/bash)
    n0: 3501 0x1387E7: main (in /usr/bin/bash)
  n2: 3328 0x183DBB: hash_insert (in /usr/bin/bash)
   n2: 3264 0x157D07: ??? (in /usr/bin/bash)
    n2: 2912 0x159DDC: ??? (in /usr/bin/bash)
     n1: 1888 0x15DA3C: initialize_shell_variables (in /usr/bin/bash)
      n1: 1888 0x13A1A8: ??? (in /usr/bin/bash)
       n0: 1888 0x1387E7: main (in /usr/bin/bash)
     n0: 1024 in 31 places, all below massif's threshold (1.00%)
    n0: 352 in 11 places, all below massif's threshold (1.00%)
   n0: 64 in 1 place, below massif's threshold (1.00%)
  n2: 3112 0x159A3C: make_variable_value (in /usr/bin/bash)
   n2: 3104 0x159DEC: ??? (in /usr/bin/bash)
    n1: 2657 0x15DA3C: initialize_shell_variables (in /usr/bin/bash)
     n1: 2657 0x13A1A8: ??? (in /usr/bin/bash)
      n0: 2657 0x1387E7: main (in /usr/bin/bash)
    n0: 447 in 19 places, all below massif's threshold (1.00%)
   n0: 8 in 1 place, below massif's threshold (1.00%)
  n1: 2639 0x1871CF: fd_to_buffered_stream (in /usr/bin/bash)
   n1: 2639 0x18787F: with_input_from_buffered_stream (in /usr/bin/bash)
    n0: 2639 0x139156: main (in /usr/bin/bash)
  n1: 2252 0x187E4F: unwind_protect_mem (in /usr/bin/bash)
   n0: 2252 in 12 places, all below massif's threshold (1.00%)
  n1: 1256 0x156836: ??? (in /usr/bin/bash)
   n2: 1256 0x157CCE: ??? (in /usr/bin/bash)
    n2: 1139 0x159DDC: ??? (in /usr/bin/bash)
     n1: 851 0x15DA3C: initialize_shell_variables (in /usr/bin/bash)
      n1: 851 0x13A1A8: ??? (in /usr/bin/bash)
       n0: 851 0x1387E7: main (in /usr/bin/bash)
     n0: 288 in 31 places, all below massif's threshold (1.00%)
    n0: 117 in 11 places, all below massif's threshold (1.00%)
  n2: 1256 0x157CEC: ??? (in /usr/bin/bash)
   n2: 1139 0x159DDC: ??? (in /usr/bin/bash)
    n1: 851 0x15DA3C: initialize_shell_variables (in /usr/bin/bash)
     n1: 851 0x13A1A8: ??? (in /usr/bin/bash)
      n0: 851 0x1387E7: main (in /usr/bin/bash)
    n0: 288 in 31 places, all below massif's threshold (1.00%)
   n0: 117 in 11 places, all below massif's threshold (1.00%)
  n1: 1024 0x1485FA: cmd_init (in /usr/bin/bash)
   n0: 1024 0x138A22: main (in /usr/bin/bash)
  n1: 1024 0x148619: cmd_init (in /usr/bin/bash)
   n0: 1024 0x138A22: main (in /usr/bin/bash)
  n1: 1024 0x187ADD: uwp_init (in /usr/bin/bash)
   n0: 1024 0x138A27: main (in /usr/bin/bash)
 n3: 3738 0x1A366F: xrealloc (in /usr/bin/bash)
  n1: 2200 0x186D37: ??? (in /usr/bin/bash)
   n1: 2200 0x187250: fd_to_buffered_stream (in /usr/bin/bash)
    n1: 2200 0x18787F: with_input_from_buffered_stream (in /usr/bin/bash)
     n0: 2200 0x139156: main (in /usr/bin/bash)
  n1: 992 0x14204D: ??? (in /usr/bin/bash)
   n2: 992 0x1443C8: yyparse (in /usr/bin/bash)
    n1: 992 0x13A595: parse_command (in /usr/bin/bash)
     n0: 992 in 2 places, all below massif's threshold (1.00%)
    n0: 0 in 1 place, below massif's threshold (1.00%)
  n0: 546 in 7 places, all below massif's threshold (1.00%)
 n1: 1241 0x1A3652: xrealloc (in /usr/bin/bash)
  n0: 1241 in 7 places, all below massif's threshold (1.00%)
 n1: 1024 0x490741B: _IO_file_doallocate (filedoalloc.c:101)
  n1: 1024 0x491604F: _IO_doallocbuf (genops.c:347)
   n1: 1024 0x491604F: _IO_doallocbuf (genops.c:342)
    n1: 1024 0x49150E7: _IO_file_overflow@@GLIBC_2.2.5 (fileops.c:744)
     n1: 1024 0x491422D: _IO_new_file_xsputn (fileops.c:1243)
      n1: 1024 0x491422D: _IO_file_xsputn@@GLIBC_2.2.5 (fileops.c:1196)
       n1: 1024 0x48E7408: __printf_buffer_flush_to_file (printf_buffer_to_file.c:59)
        n1: 1024 0x48E74BF: __printf_buffer_to_file_done (printf_buffer_to_file.c:120)
         n1: 1024 0x48F0D98: __vfprintf_internal (vfprintf-internal.c:1460)
          n1: 1024 0x49AA986: __printf_chk (printf_chk.c:33)
           n1: 1024 0x1A8A7E: echo_builtin (in /usr/bin/bash)
            n1: 1024 0x14D626: ??? (in /usr/bin/bash)
             n1: 1024 0x153285: execute_command_internal (in /usr/bin/bash)
              n1: 1024 0x153CE4: execute_command (in /usr/bin/bash)
               n1: 1024 0x13A9BC: reader_loop (in /usr/bin/bash)
                n0: 1024 0x139206: main (in /usr/bin/bash)
 n0: 34 in 3 places, all below massif's threshold (1.00%)
#-----------
snapshot=54
#-----------
time=1895236
mem_heap_B=71763
mem_heap_extra_B=10229
mem_stacks_B=0
heap_tree=empty
#-----------
snapshot=55
#-----------
time=1910416
mem_heap_B=72060
mem_heap_extra_B=10340
mem_stacks_B=0
heap_tree=empty
#-----------
snapshot=56
#-----------
time=1925548
mem_heap_B=72188
mem_heap_extra_B=10364
mem_stacks_B=0
heap_tree=empty
